Сборка начата 09.01.2025 20:22:13.
Уровень детализации журнала: Normal.     1>Проект "G:\4) ПРОЕКТ_ОПИ\OPITeam_Project\OPITeamProject\OPITeamProject.vcxproj" в узле 2 (целевые объекты Build).
     1>PrepareForBuild:
         Структурированный вывод включен. Форматирование диагностики компилятора будет отражать иерархию ошибок. Подробнее см. https://aka.ms/cpp/structured-output.
       InitializeBuildStatus:
         Создание "x64\Debug\OPITeamProject.tlog\unsuccessfulbuild", так как было задано "AlwaysCreate".
         Обращение к "x64\Debug\OPITeamProject.tlog\unsuccessfulbuild".
       VcpkgTripletSelection:
         Using triplet "x64-windows" from "G:\vcpkg-master\installed\x64-windows\"
         Using normalized configuration "Debug"
       ClCompile:
         G:\Program Files\Microsoft Visual Studio\2022\Community\VC\Tools\MSVC\14.40.33807\bin\HostX64\x64\CL.exe /c /I"G:\vcpkg-master\installed\x64-windows\include" /ZI /JMC /nologo /W3 /WX- /diagnostics:column /sdl /Od /D _DEBUG /D _CONSOLE /D _UNICODE /D UNICODE /Gm- /EHsc /RTC1 /MDd /GS /fp:precise /Zc:wchar_t /Zc:forScope /Zc:inline /permissive- /Fo"x64\Debug\\" /Fd"x64\Debug\vc143.pdb" /external:W3 /Gd /TP /FC /errorReport:prompt Sorting.cpp
         Sorting.cpp
       Link:
         G:\Program Files\Microsoft Visual Studio\2022\Community\VC\Tools\MSVC\14.40.33807\bin\HostX64\x64\link.exe /ERRORREPORT:PROMPT /OUT:"G:\4) ПРОЕКТ_ОПИ\OPITeam_Project\x64\Debug\OPITeamProject.exe" /INCREMENTAL /ILK:"x64\Debug\OPITeamProject.ilk" /NOLOGO /LIBPATH:"G:\vcpkg-master\installed\x64-windows\debug\lib" /LIBPATH:"G:\vcpkg-master\installed\x64-windows\debug\lib\manual-link" kernel32.lib user32.lib gdi32.lib winspool.lib comdlg32.lib advapi32.lib shell32.lib ole32.lib oleaut32.lib uuid.lib odbc32.lib odbccp32.lib "G:\vcpkg-master\installed\x64-windows\debug\lib\*.lib" /MANIFEST /MANIFESTUAC:"level='asInvoker' uiAccess='false'" /manifest:embed /DEBUG /PDB:"G:\4) ПРОЕКТ_ОПИ\OPITeam_Project\x64\Debug\OPITeamProject.pdb" /SUBSYSTEM:CONSOLE /TLBID:1 /DYNAMICBASE /NXCOMPAT /IMPLIB:"G:\4) ПРОЕКТ_ОПИ\OPITeam_Project\x64\Debug\OPITeamProject.lib" /MACHINE:X64 x64\Debug\input.obj
         x64\Debug\inputFromFile.obj
         x64\Debug\logo.obj
         x64\Debug\main.obj
         x64\Debug\MENU.obj
         x64\Debug\parserIN.obj
         x64\Debug\parserOUT.obj
         x64\Debug\ranging.obj
         x64\Debug\Sorting.obj
         x64\Debug\writeToFile.obj
         OPITeamProject.vcxproj -> G:\4) ПРОЕКТ_ОПИ\OPITeam_Project\x64\Debug\OPITeamProject.exe
       AppLocalFromInstalled:
         pwsh.exe -ExecutionPolicy Bypass -noprofile -File "G:\vcpkg-master\scripts\buildsystems\msbuild\applocal.ps1" "G:\4) ПРОЕКТ_ОПИ\OPITeam_Project\x64\Debug\OPITeamProject.exe" "G:\vcpkg-master\installed\x64-windows\debug\bin" "x64\Debug\OPITeamProject.tlog\OPITeamProject.write.1u.tlog" "x64\Debug\vcpkg.applocal.log"
         "pwsh.exe" не является внутренней или внешней
         командой, исполняемой программой или пакетным файлом.
         Выход из команды "pwsh.exe -ExecutionPolicy Bypass -noprofile -File "G:\vcpkg-master\scripts\buildsystems\msbuild\applocal.ps1" "G:\4) ПРОЕКТ_ОПИ\OPITeam_Project\x64\Debug\OPITeamProject.exe" "G:\vcpkg-master\installed\x64-windows\debug\bin" "x64\Debug\OPITeamProject.tlog\OPITeamProject.write.1u.tlog" "x64\Debug\vcpkg.applocal.log"" с кодом 9009.
         "C:\WINDOWS\System32\WindowsPowerShell\v1.0\powershell.exe" -ExecutionPolicy Bypass -noprofile -File "G:\vcpkg-master\scripts\buildsystems\msbuild\applocal.ps1" "G:\4) ПРОЕКТ_ОПИ\OPITeam_Project\x64\Debug\OPITeamProject.exe" "G:\vcpkg-master\installed\x64-windows\debug\bin" "x64\Debug\OPITeamProject.tlog\OPITeamProject.write.1u.tlog" "x64\Debug\vcpkg.applocal.log"
       FinalizeBuildStatus:
         Файл "x64\Debug\OPITeamProject.tlog\unsuccessfulbuild" удаляется.
         Обращение к "x64\Debug\OPITeamProject.tlog\OPITeamProject.lastbuildstate".
     1>Сборка проекта "G:\4) ПРОЕКТ_ОПИ\OPITeam_Project\OPITeamProject\OPITeamProject.vcxproj" завершена (целевые объекты Build).

Сборка успешно завершена.
    Предупреждений: 0
    Ошибок: 0

Прошло времени 00:00:01.33
